* using log directory 'C:/Users/Gebruiker/Documents/Intys/RStudio/IntysConsultingRProject/IntysConsulting.Rcheck'
* using R version 3.6.2 (2019-12-12)
* using platform: x86_64-w64-mingw32 (64-bit)
* using session charset: ISO8859-1
* checking for file 'IntysConsulting/DESCRIPTION' ... OK
* checking extension type ... Package
* this is package 'IntysConsulting' version '1.0.1'
* checking package namespace information ... OK
* checking package dependencies ... OK
* checking if this is a source package ... OK
* checking if there is a namespace ... OK
* checking for executable files ... OK
* checking for hidden files and directories ... OK
* checking for portable file names ... OK
* checking whether package 'IntysConsulting' can be installed ... OK
* checking installed package size ... NOTE
  installed size is 19.0Mb
  sub-directories of 1Mb or more:
    java  18.9Mb
* checking package directory ... OK
* checking DESCRIPTION meta-information ... NOTE
Malformed Description field: should contain one or more complete sentences.
Invalid license file pointers: LICENSE
* checking top-level files ... OK
* checking for left-over files ... OK
* checking index information ... OK
* checking package subdirectories ... OK
* checking R files for non-ASCII characters ... OK
* checking R files for syntax errors ... OK
* checking whether the package can be loaded ... OK
* checking whether the package can be loaded with stated dependencies ... OK
* checking whether the package can be unloaded cleanly ... OK
* checking whether the namespace can be loaded with stated dependencies ... OK
* checking whether the namespace can be unloaded cleanly ... OK
* checking loading without being on the library search path ... OK
* checking dependencies in R code ... OK
* checking S3 generic/method consistency ... OK
* checking replacement functions ... OK
* checking foreign function calls ... OK
* checking R code for possible problems ... NOTE
phenoObsAlgorithmPerformance: no visible global function definition for
  '.jarray'
phenoObsAlgorithmPerformance: no visible global function definition for
  '.jnull'
phenoObsAlgorithmPerformance: no visible global function definition for
  '.jrcall'
phenoObsOptimisation: no visible global function definition for
  '.jarray'
phenoObsOptimisation: no visible global function definition for 'new'
phenoObsOptimisation: no visible global function definition for 'J'
phenoObsOptimisation: no visible global function definition for
  '.jnull'
phenoObsOptimisation: no visible global function definition for
  '.jrcall'
Undefined global functions or variables:
  .jarray .jnull .jrcall J new
Consider adding
  importFrom("methods", "new")
to your NAMESPACE file (and ensure that your DESCRIPTION Imports field
contains 'methods').
* checking Rd files ... OK
* checking Rd metadata ... OK
* checking Rd cross-references ... OK
* checking for missing documentation entries ... OK
* checking for code/documentation mismatches ... OK
* checking Rd \usage sections ... OK
* checking Rd contents ... OK
* checking for unstated dependencies in examples ... OK
* checking examples ... OK
* checking PDF version of manual ... WARNING
LaTeX errors when creating PDF version.
This typically indicates Rd problems.
* checking PDF version of manual without hyperrefs or index ... ERROR
Re-running with no redirection of stdout/stderr.
* DONE
Status: 1 ERROR, 1 WARNING, 3 NOTEs
